\BOOKMARK [1][-]{section.1}{Vecka 7}{}% 1
\BOOKMARK [2][-]{subsection.1.1}{Torsdag 14-02-2019}{section.1}% 2
\BOOKMARK [2][-]{subsection.1.2}{Fredagen 15-02-2019}{section.1}% 3
\BOOKMARK [2][-]{subsection.1.3}{L\366rdagen 16-02-2019}{section.1}% 4
\BOOKMARK [2][-]{subsection.1.4}{S\366ndag 17-02-2019}{section.1}% 5
\BOOKMARK [2][-]{subsection.1.5}{Sammanfattning Vecka 7}{section.1}% 6
\BOOKMARK [1][-]{section.2}{Vecka 8}{}% 7
\BOOKMARK [2][-]{subsection.2.1}{M\345ndag 18-02-2019}{section.2}% 8
\BOOKMARK [2][-]{subsection.2.2}{Tisdag 19-02-2019}{section.2}% 9
\BOOKMARK [2][-]{subsection.2.3}{Onsdag 20-02-2019}{section.2}% 10
\BOOKMARK [2][-]{subsection.2.4}{Torsdag 21-02-2019}{section.2}% 11
\BOOKMARK [2][-]{subsection.2.5}{Fredag 22-02-2019}{section.2}% 12
\BOOKMARK [2][-]{subsection.2.6}{L\366rdag 23-02-2019}{section.2}% 13
\BOOKMARK [2][-]{subsection.2.7}{S\366ndag 24-02-2019}{section.2}% 14
\BOOKMARK [2][-]{subsection.2.8}{Sammanfattning Vecka 8}{section.2}% 15
\BOOKMARK [1][-]{section.3}{Vecka 9, Sportlov}{}% 16
\BOOKMARK [2][-]{subsection.3.1}{M\345ndag 25-02-2019}{section.3}% 17
\BOOKMARK [2][-]{subsection.3.2}{Tisdag 26-02-2019}{section.3}% 18
\BOOKMARK [2][-]{subsection.3.3}{Onsdag 27-02-2019}{section.3}% 19
\BOOKMARK [2][-]{subsection.3.4}{Torsdag 28-02-2019}{section.3}% 20
\BOOKMARK [2][-]{subsection.3.5}{Fredag 01-03-2019}{section.3}% 21
\BOOKMARK [2][-]{subsection.3.6}{L\366rdag 02-03-2019}{section.3}% 22
\BOOKMARK [2][-]{subsection.3.7}{S\366ndag 03-03-2019}{section.3}% 23
\BOOKMARK [2][-]{subsection.3.8}{Sammanfattning Vecka 9, Sportlov}{section.3}% 24
\BOOKMARK [1][-]{section.4}{Vecka 10}{}% 25
\BOOKMARK [2][-]{subsection.4.1}{M\345ndag 04-03-2019}{section.4}% 26
\BOOKMARK [2][-]{subsection.4.2}{Tisdag 05-03-2019}{section.4}% 27
\BOOKMARK [2][-]{subsection.4.3}{Onsdag 06-03-2019}{section.4}% 28
\BOOKMARK [2][-]{subsection.4.4}{Torsdag 07-03-2019}{section.4}% 29
